mode: set
github.com/Layr-Labs/hourglass-monorepo/hourglass-operator/api/v1alpha1/performerTypes.go:149.13,151.2 1 0
github.com/Layr-Labs/hourglass-monorepo/hourglass-operator/api/v1alpha1/zz_generated.deepcopy.go:30.73,32.28 2 0
github.com/Layr-Labs/hourglass-monorepo/hourglass-operator/api/v1alpha1/zz_generated.deepcopy.go:32.28,35.29 3 0
github.com/Layr-Labs/hourglass-monorepo/hourglass-operator/api/v1alpha1/zz_generated.deepcopy.go:35.29,37.4 1 0
github.com/Layr-Labs/hourglass-monorepo/hourglass-operator/api/v1alpha1/zz_generated.deepcopy.go:42.66,43.15 1 0
github.com/Layr-Labs/hourglass-monorepo/hourglass-operator/api/v1alpha1/zz_generated.deepcopy.go:43.15,45.3 1 0
github.com/Layr-Labs/hourglass-monorepo/hourglass-operator/api/v1alpha1/zz_generated.deepcopy.go:46.2,48.12 3 0
github.com/Layr-Labs/hourglass-monorepo/hourglass-operator/api/v1alpha1/zz_generated.deepcopy.go:52.51,58.2 5 0
github.com/Layr-Labs/hourglass-monorepo/hourglass-operator/api/v1alpha1/zz_generated.deepcopy.go:61.44,62.15 1 0
github.com/Layr-Labs/hourglass-monorepo/hourglass-operator/api/v1alpha1/zz_generated.deepcopy.go:62.15,64.3 1 0
github.com/Layr-Labs/hourglass-monorepo/hourglass-operator/api/v1alpha1/zz_generated.deepcopy.go:65.2,67.12 3 0
github.com/Layr-Labs/hourglass-monorepo/hourglass-operator/api/v1alpha1/zz_generated.deepcopy.go:71.54,72.34 1 0
github.com/Layr-Labs/hourglass-monorepo/hourglass-operator/api/v1alpha1/zz_generated.deepcopy.go:72.34,74.3 1 0
github.com/Layr-Labs/hourglass-monorepo/hourglass-operator/api/v1alpha1/zz_generated.deepcopy.go:75.2,75.12 1 0
github.com/Layr-Labs/hourglass-monorepo/hourglass-operator/api/v1alpha1/zz_generated.deepcopy.go:79.63,81.27 2 0
github.com/Layr-Labs/hourglass-monorepo/hourglass-operator/api/v1alpha1/zz_generated.deepcopy.go:81.27,84.29 3 0
github.com/Layr-Labs/hourglass-monorepo/hourglass-operator/api/v1alpha1/zz_generated.deepcopy.go:84.29,86.4 1 0
github.com/Layr-Labs/hourglass-monorepo/hourglass-operator/api/v1alpha1/zz_generated.deepcopy.go:88.2,88.20 1 0
github.com/Layr-Labs/hourglass-monorepo/hourglass-operator/api/v1alpha1/zz_generated.deepcopy.go:88.20,92.3 3 0
github.com/Layr-Labs/hourglass-monorepo/hourglass-operator/api/v1alpha1/zz_generated.deepcopy.go:93.2,93.23 1 0
github.com/Layr-Labs/hourglass-monorepo/hourglass-operator/api/v1alpha1/zz_generated.deepcopy.go:93.23,97.3 3 0
github.com/Layr-Labs/hourglass-monorepo/hourglass-operator/api/v1alpha1/zz_generated.deepcopy.go:101.56,102.15 1 0
github.com/Layr-Labs/hourglass-monorepo/hourglass-operator/api/v1alpha1/zz_generated.deepcopy.go:102.15,104.3 1 0
github.com/Layr-Labs/hourglass-monorepo/hourglass-operator/api/v1alpha1/zz_generated.deepcopy.go:105.2,107.12 3 0
github.com/Layr-Labs/hourglass-monorepo/hourglass-operator/api/v1alpha1/zz_generated.deepcopy.go:111.59,115.21 4 0
github.com/Layr-Labs/hourglass-monorepo/hourglass-operator/api/v1alpha1/zz_generated.deepcopy.go:115.21,118.22 3 0
github.com/Layr-Labs/hourglass-monorepo/hourglass-operator/api/v1alpha1/zz_generated.deepcopy.go:118.22,120.4 1 0
github.com/Layr-Labs/hourglass-monorepo/hourglass-operator/api/v1alpha1/zz_generated.deepcopy.go:125.52,126.15 1 0
github.com/Layr-Labs/hourglass-monorepo/hourglass-operator/api/v1alpha1/zz_generated.deepcopy.go:126.15,128.3 1 0
github.com/Layr-Labs/hourglass-monorepo/hourglass-operator/api/v1alpha1/zz_generated.deepcopy.go:129.2,131.12 3 0
github.com/Layr-Labs/hourglass-monorepo/hourglass-operator/api/v1alpha1/zz_generated.deepcopy.go:135.58,136.34 1 0
github.com/Layr-Labs/hourglass-monorepo/hourglass-operator/api/v1alpha1/zz_generated.deepcopy.go:136.34,138.3 1 0
github.com/Layr-Labs/hourglass-monorepo/hourglass-operator/api/v1alpha1/zz_generated.deepcopy.go:139.2,139.12 1 0
github.com/Layr-Labs/hourglass-monorepo/hourglass-operator/api/v1alpha1/zz_generated.deepcopy.go:143.59,147.26 4 0
github.com/Layr-Labs/hourglass-monorepo/hourglass-operator/api/v1alpha1/zz_generated.deepcopy.go:147.26,151.3 3 0
github.com/Layr-Labs/hourglass-monorepo/hourglass-operator/api/v1alpha1/zz_generated.deepcopy.go:152.2,152.36 1 0
github.com/Layr-Labs/hourglass-monorepo/hourglass-operator/api/v1alpha1/zz_generated.deepcopy.go:152.36,156.3 3 0
github.com/Layr-Labs/hourglass-monorepo/hourglass-operator/api/v1alpha1/zz_generated.deepcopy.go:157.2,157.32 1 0
github.com/Layr-Labs/hourglass-monorepo/hourglass-operator/api/v1alpha1/zz_generated.deepcopy.go:157.32,161.3 3 0
github.com/Layr-Labs/hourglass-monorepo/hourglass-operator/api/v1alpha1/zz_generated.deepcopy.go:165.52,166.15 1 0
github.com/Layr-Labs/hourglass-monorepo/hourglass-operator/api/v1alpha1/zz_generated.deepcopy.go:166.15,168.3 1 0
github.com/Layr-Labs/hourglass-monorepo/hourglass-operator/api/v1alpha1/zz_generated.deepcopy.go:169.2,171.12 3 0
github.com/Layr-Labs/hourglass-monorepo/hourglass-operator/api/v1alpha1/zz_generated.deepcopy.go:175.63,177.26 2 0
github.com/Layr-Labs/hourglass-monorepo/hourglass-operator/api/v1alpha1/zz_generated.deepcopy.go:177.26,180.22 3 0
github.com/Layr-Labs/hourglass-monorepo/hourglass-operator/api/v1alpha1/zz_generated.deepcopy.go:180.22,182.4 1 0
github.com/Layr-Labs/hourglass-monorepo/hourglass-operator/api/v1alpha1/zz_generated.deepcopy.go:184.2,184.27 1 0
github.com/Layr-Labs/hourglass-monorepo/hourglass-operator/api/v1alpha1/zz_generated.deepcopy.go:184.27,187.3 2 0
github.com/Layr-Labs/hourglass-monorepo/hourglass-operator/api/v1alpha1/zz_generated.deepcopy.go:188.2,188.25 1 0
github.com/Layr-Labs/hourglass-monorepo/hourglass-operator/api/v1alpha1/zz_generated.deepcopy.go:188.25,191.3 2 0
github.com/Layr-Labs/hourglass-monorepo/hourglass-operator/api/v1alpha1/zz_generated.deepcopy.go:195.56,196.15 1 0
github.com/Layr-Labs/hourglass-monorepo/hourglass-operator/api/v1alpha1/zz_generated.deepcopy.go:196.15,198.3 1 0
github.com/Layr-Labs/hourglass-monorepo/hourglass-operator/api/v1alpha1/zz_generated.deepcopy.go:199.2,201.12 3 0
github.com/Layr-Labs/hourglass-monorepo/hourglass-operator/api/v1alpha1/zz_generated.deepcopy.go:205.65,207.28 2 0
github.com/Layr-Labs/hourglass-monorepo/hourglass-operator/api/v1alpha1/zz_generated.deepcopy.go:207.28,210.29 3 0
github.com/Layr-Labs/hourglass-monorepo/hourglass-operator/api/v1alpha1/zz_generated.deepcopy.go:210.29,212.4 1 0
github.com/Layr-Labs/hourglass-monorepo/hourglass-operator/api/v1alpha1/zz_generated.deepcopy.go:214.2,214.27 1 0
github.com/Layr-Labs/hourglass-monorepo/hourglass-operator/api/v1alpha1/zz_generated.deepcopy.go:214.27,217.22 3 0
github.com/Layr-Labs/hourglass-monorepo/hourglass-operator/api/v1alpha1/zz_generated.deepcopy.go:217.22,219.4 1 0
github.com/Layr-Labs/hourglass-monorepo/hourglass-operator/api/v1alpha1/zz_generated.deepcopy.go:221.2,221.24 1 0
github.com/Layr-Labs/hourglass-monorepo/hourglass-operator/api/v1alpha1/zz_generated.deepcopy.go:221.24,225.3 3 0
github.com/Layr-Labs/hourglass-monorepo/hourglass-operator/api/v1alpha1/zz_generated.deepcopy.go:226.2,226.28 1 0
github.com/Layr-Labs/hourglass-monorepo/hourglass-operator/api/v1alpha1/zz_generated.deepcopy.go:226.28,230.3 3 0
github.com/Layr-Labs/hourglass-monorepo/hourglass-operator/api/v1alpha1/zz_generated.deepcopy.go:231.2,231.33 1 0
github.com/Layr-Labs/hourglass-monorepo/hourglass-operator/api/v1alpha1/zz_generated.deepcopy.go:231.33,235.3 3 0
github.com/Layr-Labs/hourglass-monorepo/hourglass-operator/api/v1alpha1/zz_generated.deepcopy.go:239.58,240.15 1 0
github.com/Layr-Labs/hourglass-monorepo/hourglass-operator/api/v1alpha1/zz_generated.deepcopy.go:240.15,242.3 1 0
github.com/Layr-Labs/hourglass-monorepo/hourglass-operator/api/v1alpha1/zz_generated.deepcopy.go:243.2,245.12 3 0
github.com/Layr-Labs/hourglass-monorepo/hourglass-operator/internal/controller/performerController.go:37.101,42.67 3 0
github.com/Layr-Labs/hourglass-monorepo/hourglass-operator/internal/controller/performerController.go:42.67,43.29 1 0
github.com/Layr-Labs/hourglass-monorepo/hourglass-operator/internal/controller/performerController.go:43.29,46.4 2 0
github.com/Layr-Labs/hourglass-monorepo/hourglass-operator/internal/controller/performerController.go:47.3,48.28 2 0
github.com/Layr-Labs/hourglass-monorepo/hourglass-operator/internal/controller/performerController.go:52.2,52.40 1 0
github.com/Layr-Labs/hourglass-monorepo/hourglass-operator/internal/controller/performerController.go:52.40,54.3 1 0
github.com/Layr-Labs/hourglass-monorepo/hourglass-operator/internal/controller/performerController.go:57.2,57.98 1 0
github.com/Layr-Labs/hourglass-monorepo/hourglass-operator/internal/controller/performerController.go:57.98,59.51 2 0
github.com/Layr-Labs/hourglass-monorepo/hourglass-operator/internal/controller/performerController.go:59.51,61.4 1 0
github.com/Layr-Labs/hourglass-monorepo/hourglass-operator/internal/controller/performerController.go:65.2,65.56 1 0
github.com/Layr-Labs/hourglass-monorepo/hourglass-operator/internal/controller/performerController.go:65.56,68.3 2 0
github.com/Layr-Labs/hourglass-monorepo/hourglass-operator/internal/controller/performerController.go:71.2,71.60 1 0
github.com/Layr-Labs/hourglass-monorepo/hourglass-operator/internal/controller/performerController.go:71.60,74.3 2 0
github.com/Layr-Labs/hourglass-monorepo/hourglass-operator/internal/controller/performerController.go:77.2,77.56 1 0
github.com/Layr-Labs/hourglass-monorepo/hourglass-operator/internal/controller/performerController.go:77.56,80.3 2 0
github.com/Layr-Labs/hourglass-monorepo/hourglass-operator/internal/controller/performerController.go:82.2,82.56 1 0
github.com/Layr-Labs/hourglass-monorepo/hourglass-operator/internal/controller/performerController.go:85.119,91.49 4 0
github.com/Layr-Labs/hourglass-monorepo/hourglass-operator/internal/controller/performerController.go:91.49,93.3 1 0
github.com/Layr-Labs/hourglass-monorepo/hourglass-operator/internal/controller/performerController.go:95.2,95.27 1 0
github.com/Layr-Labs/hourglass-monorepo/hourglass-operator/internal/controller/performerController.go:98.102,106.75 2 0
github.com/Layr-Labs/hourglass-monorepo/hourglass-operator/internal/controller/performerController.go:106.75,123.45 4 0
github.com/Layr-Labs/hourglass-monorepo/hourglass-operator/internal/controller/performerController.go:123.45,125.4 1 0
github.com/Layr-Labs/hourglass-monorepo/hourglass-operator/internal/controller/performerController.go:126.3,126.42 1 0
github.com/Layr-Labs/hourglass-monorepo/hourglass-operator/internal/controller/performerController.go:126.42,128.4 1 0
github.com/Layr-Labs/hourglass-monorepo/hourglass-operator/internal/controller/performerController.go:131.3,132.42 2 0
github.com/Layr-Labs/hourglass-monorepo/hourglass-operator/internal/controller/performerController.go:132.42,134.4 1 0
github.com/Layr-Labs/hourglass-monorepo/hourglass-operator/internal/controller/performerController.go:135.3,144.47 2 0
github.com/Layr-Labs/hourglass-monorepo/hourglass-operator/internal/controller/performerController.go:144.47,145.62 1 0
github.com/Layr-Labs/hourglass-monorepo/hourglass-operator/internal/controller/performerController.go:145.62,150.5 1 0
github.com/Layr-Labs/hourglass-monorepo/hourglass-operator/internal/controller/performerController.go:154.3,157.49 2 0
github.com/Layr-Labs/hourglass-monorepo/hourglass-operator/internal/controller/performerController.go:157.49,159.4 1 0
github.com/Layr-Labs/hourglass-monorepo/hourglass-operator/internal/controller/performerController.go:162.3,189.39 4 0
github.com/Layr-Labs/hourglass-monorepo/hourglass-operator/internal/controller/performerController.go:189.39,193.53 4 0
github.com/Layr-Labs/hourglass-monorepo/hourglass-operator/internal/controller/performerController.go:193.53,195.5 1 0
github.com/Layr-Labs/hourglass-monorepo/hourglass-operator/internal/controller/performerController.go:198.3,198.73 1 0
github.com/Layr-Labs/hourglass-monorepo/hourglass-operator/internal/controller/performerController.go:201.2,201.12 1 0
github.com/Layr-Labs/hourglass-monorepo/hourglass-operator/internal/controller/performerController.go:204.106,212.79 2 0
github.com/Layr-Labs/hourglass-monorepo/hourglass-operator/internal/controller/performerController.go:212.79,214.42 2 0
github.com/Layr-Labs/hourglass-monorepo/hourglass-operator/internal/controller/performerController.go:214.42,216.4 1 0
github.com/Layr-Labs/hourglass-monorepo/hourglass-operator/internal/controller/performerController.go:218.3,233.77 2 0
github.com/Layr-Labs/hourglass-monorepo/hourglass-operator/internal/controller/performerController.go:236.2,236.12 1 0
github.com/Layr-Labs/hourglass-monorepo/hourglass-operator/internal/controller/performerController.go:239.102,246.22 3 0
github.com/Layr-Labs/hourglass-monorepo/hourglass-operator/internal/controller/performerController.go:246.22,247.29 1 0
github.com/Layr-Labs/hourglass-monorepo/hourglass-operator/internal/controller/performerController.go:247.29,250.4 2 0
github.com/Layr-Labs/hourglass-monorepo/hourglass-operator/internal/controller/performerController.go:250.9,252.4 1 0
github.com/Layr-Labs/hourglass-monorepo/hourglass-operator/internal/controller/performerController.go:253.8,258.44 3 0
github.com/Layr-Labs/hourglass-monorepo/hourglass-operator/internal/controller/performerController.go:258.44,259.52 1 0
github.com/Layr-Labs/hourglass-monorepo/hourglass-operator/internal/controller/performerController.go:259.52,260.86 1 0
github.com/Layr-Labs/hourglass-monorepo/hourglass-operator/internal/controller/performerController.go:260.86,261.43 1 0
github.com/Layr-Labs/hourglass-monorepo/hourglass-operator/internal/controller/performerController.go:261.43,263.7 1 0
github.com/Layr-Labs/hourglass-monorepo/hourglass-operator/internal/controller/performerController.go:264.6,264.11 1 0
github.com/Layr-Labs/hourglass-monorepo/hourglass-operator/internal/controller/performerController.go:271.2,275.42 3 0
github.com/Layr-Labs/hourglass-monorepo/hourglass-operator/internal/controller/performerController.go:278.80,280.2 1 0
github.com/Layr-Labs/hourglass-monorepo/hourglass-operator/internal/controller/performerController.go:282.84,284.2 1 0
github.com/Layr-Labs/hourglass-monorepo/hourglass-operator/internal/controller/performerController.go:286.66,290.22 3 0
github.com/Layr-Labs/hourglass-monorepo/hourglass-operator/internal/controller/performerController.go:290.22,292.3 1 0
github.com/Layr-Labs/hourglass-monorepo/hourglass-operator/internal/controller/performerController.go:293.2,293.15 1 0
github.com/Layr-Labs/hourglass-monorepo/hourglass-operator/internal/controller/performerController.go:296.121,297.39 1 0
github.com/Layr-Labs/hourglass-monorepo/hourglass-operator/internal/controller/performerController.go:297.39,299.3 1 0
github.com/Layr-Labs/hourglass-monorepo/hourglass-operator/internal/controller/performerController.go:300.2,300.41 1 0
github.com/Layr-Labs/hourglass-monorepo/hourglass-operator/internal/controller/performerController.go:300.41,302.3 1 0
github.com/Layr-Labs/hourglass-monorepo/hourglass-operator/internal/controller/performerController.go:305.2,305.21 1 0
github.com/Layr-Labs/hourglass-monorepo/hourglass-operator/internal/controller/performerController.go:305.21,307.23 2 0
github.com/Layr-Labs/hourglass-monorepo/hourglass-operator/internal/controller/performerController.go:307.23,310.4 1 0
github.com/Layr-Labs/hourglass-monorepo/hourglass-operator/internal/controller/performerController.go:312.3,314.58 3 0
github.com/Layr-Labs/hourglass-monorepo/hourglass-operator/internal/controller/performerController.go:319.72,325.2 1 0
github.com/Layr-Labs/hourglass-monorepo/hourglass-operator/cmd/main.go:26.13,31.2 2 0
github.com/Layr-Labs/hourglass-monorepo/hourglass-operator/cmd/main.go:33.13,62.38 15 0
github.com/Layr-Labs/hourglass-monorepo/hourglass-operator/cmd/main.go:62.38,65.3 2 0
github.com/Layr-Labs/hourglass-monorepo/hourglass-operator/cmd/main.go:67.2,68.18 2 0
github.com/Layr-Labs/hourglass-monorepo/hourglass-operator/cmd/main.go:68.18,70.3 1 0
github.com/Layr-Labs/hourglass-monorepo/hourglass-operator/cmd/main.go:72.2,99.16 3 0
github.com/Layr-Labs/hourglass-monorepo/hourglass-operator/cmd/main.go:99.16,102.3 2 0
github.com/Layr-Labs/hourglass-monorepo/hourglass-operator/cmd/main.go:104.2,107.39 1 0
github.com/Layr-Labs/hourglass-monorepo/hourglass-operator/cmd/main.go:107.39,110.3 2 0
github.com/Layr-Labs/hourglass-monorepo/hourglass-operator/cmd/main.go:113.2,113.69 1 0
github.com/Layr-Labs/hourglass-monorepo/hourglass-operator/cmd/main.go:113.69,116.3 2 0
github.com/Layr-Labs/hourglass-monorepo/hourglass-operator/cmd/main.go:117.2,117.67 1 0
github.com/Layr-Labs/hourglass-monorepo/hourglass-operator/cmd/main.go:117.67,120.3 2 0
github.com/Layr-Labs/hourglass-monorepo/hourglass-operator/cmd/main.go:122.2,123.61 2 0
github.com/Layr-Labs/hourglass-monorepo/hourglass-operator/cmd/main.go:123.61,126.3 2 0
